{
  "0 debug pnpm:scope": {
    "selected": 1
  },
  "1 debug pnpm:package-manifest": {
    "initial": {
      "name": "labs",
      "version": "0.0.1",
      "scripts": {
        "dev": "svelte-kit dev",
        "build": "svelte-kit build",
        "package": "svelte-kit package",
        "preview": "svelte-kit preview",
        "prepare": "svelte-kit sync",
        "check": "svelte-check --tsconfig ./tsconfig.json",
        "check:watch": "svelte-check --tsconfig ./tsconfig.json --watch",
        "lint": "prettier --ignore-path .gitignore --check --plugin-search-dir=. . && eslint --ignore-path .gitignore .",
        "format": "prettier --ignore-path .gitignore --write --plugin-search-dir=. ."
      },
      "devDependencies": {
        "@sveltejs/adapter-auto": "next",
        "@sveltejs/kit": "next",
        "@typescript-eslint/eslint-plugin": "^5.10.1",
        "@typescript-eslint/parser": "^5.10.1",
        "eslint": "^8.12.0",
        "eslint-config-prettier": "^8.3.0",
        "eslint-plugin-svelte3": "^4.0.0",
        "prettier": "^2.5.1",
        "prettier-plugin-svelte": "^2.5.0",
        "svelte": "^3.44.0",
        "svelte-check": "^2.2.6",
        "svelte-preprocess": "^4.10.1",
        "tslib": "^2.3.1",
        "typescript": "~4.6.2"
      },
      "type": "module"
    },
    "prefix": "/home/mose/sites/labs"
  },
  "2 debug pnpm:context": {
    "currentLockfileExists": false,
    "storeDir": "/home/mose/.pnpm-store/v3",
    "virtualStoreDir": "/home/mose/sites/labs/node_modules/.pnpm"
  },
  "3 debug pnpm:stage": {
    "prefix": "/home/mose/sites/labs",
    "stage": "resolution_started"
  },
  "4 debug pnpm:_dependency_resolved": {
    "resolution": "registry.npmjs.org/tslib/2.4.0",
    "wanted": {
      "dependentId": ".",
      "name": "tslib",
      "rawSpec": "^2.3.1"
    }
  },
  "5 debug pnpm:progress": {
    "packageId": "registry.npmjs.org/tslib/2.4.0",
    "requester": "/home/mose/sites/labs",
    "status": "resolved"
  },
  "6 debug pnpm:_dependency_resolved": {
    "resolution": "registry.npmjs.org/eslint-config-prettier/8.5.0",
    "wanted": {
      "dependentId": ".",
      "name": "eslint-config-prettier",
      "rawSpec": "^8.3.0"
    }
  },
  "7 debug pnpm:progress": {
    "packageId": "registry.npmjs.org/eslint-config-prettier/8.5.0",
    "requester": "/home/mose/sites/labs",
    "status": "resolved"
  },
  "8 debug pnpm:progress": {
    "packageId": "registry.npmjs.org/eslint-config-prettier/8.5.0",
    "requester": "/home/mose/sites/labs",
    "status": "found_in_store"
  },
  "9 debug pnpm:fetching-progress": {
    "attempt": 1,
    "packageId": "registry.npmjs.org/tslib/2.4.0",
    "size": 10089,
    "status": "started"
  },
  "10 debug pnpm:_dependency_resolved": {
    "resolution": "registry.npmjs.org/prettier/2.6.2",
    "wanted": {
      "dependentId": ".",
      "name": "prettier",
      "rawSpec": "^2.5.1"
    }
  },
  "11 debug pnpm:progress": {
    "packageId": "registry.npmjs.org/prettier/2.6.2",
    "requester": "/home/mose/sites/labs",
    "status": "resolved"
  },
  "12 debug pnpm:progress": {
    "packageId": "registry.npmjs.org/prettier/2.6.2",
    "requester": "/home/mose/sites/labs",
    "status": "found_in_store"
  },
  "13 debug pnpm:progress": {
    "packageId": "registry.npmjs.org/tslib/2.4.0",
    "requester": "/home/mose/sites/labs",
    "status": "fetched"
  },
  "14 debug pnpm:update-check": {
    "currentVersion": "6.32.4",
    "latestVersion": "7.1.0"
  },
  "15 debug pnpm:_dependency_resolved": {
    "resolution": "registry.npmjs.org/@typescript-eslint/parser/5.25.0",
    "wanted": {
      "dependentId": ".",
      "name": "@typescript-eslint/parser",
      "rawSpec": "^5.10.1"
    }
  },
  "16 debug pnpm:progress": {
    "packageId": "registry.npmjs.org/@typescript-eslint/parser/5.25.0",
    "requester": "/home/mose/sites/labs",
    "status": "resolved"
  },
  "17 debug pnpm:_dependency_resolved": {
    "resolution": "registry.npmjs.org/@typescript-eslint/eslint-plugin/5.25.0",
    "wanted": {
      "dependentId": ".",
      "name": "@typescript-eslint/eslint-plugin",
      "rawSpec": "^5.10.1"
    }
  },
  "18 debug pnpm:progress": {
    "packageId": "registry.npmjs.org/@typescript-eslint/eslint-plugin/5.25.0",
    "requester": "/home/mose/sites/labs",
    "status": "resolved"
  },
  "19 debug pnpm:_dependency_resolved": {
    "resolution": "registry.npmjs.org/eslint/8.15.0",
    "wanted": {
      "dependentId": ".",
      "name": "eslint",
      "rawSpec": "^8.12.0"
    }
  },
  "20 debug pnpm:progress": {
    "packageId": "registry.npmjs.org/eslint/8.15.0",
    "requester": "/home/mose/sites/labs",
    "status": "resolved"
  },
  "21 debug pnpm:fetching-progress": {
    "attempt": 1,
    "packageId": "registry.npmjs.org/@typescript-eslint/parser/5.25.0",
    "size": 9953,
    "status": "started"
  },
  "22 debug pnpm:fetching-progress": {
    "attempt": 1,
    "packageId": "registry.npmjs.org/@typescript-eslint/eslint-plugin/5.25.0",
    "size": 426303,
    "status": "started"
  },
  "23 debug pnpm:progress": {
    "packageId": "registry.npmjs.org/@typescript-eslint/parser/5.25.0",
    "requester": "/home/mose/sites/labs",
    "status": "fetched"
  },
  "24 debug pnpm:progress": {
    "packageId": "registry.npmjs.org/eslint/8.15.0",
    "requester": "/home/mose/sites/labs",
    "status": "found_in_store"
  },
  "25 debug pnpm:progress": {
    "packageId": "registry.npmjs.org/@typescript-eslint/eslint-plugin/5.25.0",
    "requester": "/home/mose/sites/labs",
    "status": "fetched"
  },
  "26 debug pnpm:_dependency_resolved": {
    "resolution": "registry.npmjs.org/eslint-plugin-svelte3/4.0.0",
    "wanted": {
      "dependentId": ".",
      "name": "eslint-plugin-svelte3",
      "rawSpec": "^4.0.0"
    }
  },
  "27 debug pnpm:progress": {
    "packageId": "registry.npmjs.org/eslint-plugin-svelte3/4.0.0",
    "requester": "/home/mose/sites/labs",
    "status": "resolved"
  },
  "28 debug pnpm:progress": {
    "packageId": "registry.npmjs.org/eslint-plugin-svelte3/4.0.0",
    "requester": "/home/mose/sites/labs",
    "status": "found_in_store"
  },
  "29 debug pnpm:_dependency_resolved": {
    "resolution": "registry.npmjs.org/prettier-plugin-svelte/2.7.0",
    "wanted": {
      "dependentId": ".",
      "name": "prettier-plugin-svelte",
      "rawSpec": "^2.5.0"
    }
  },
  "30 debug pnpm:progress": {
    "packageId": "registry.npmjs.org/prettier-plugin-svelte/2.7.0",
    "requester": "/home/mose/sites/labs",
    "status": "resolved"
  },
  "31 debug pnpm:progress": {
    "packageId": "registry.npmjs.org/prettier-plugin-svelte/2.7.0",
    "requester": "/home/mose/sites/labs",
    "status": "found_in_store"
  },
  "32 debug pnpm:_dependency_resolved": {
    "resolution": "registry.npmjs.org/svelte-check/2.7.1",
    "wanted": {
      "dependentId": ".",
      "name": "svelte-check",
      "rawSpec": "^2.2.6"
    }
  },
  "33 debug pnpm:progress": {
    "packageId": "registry.npmjs.org/svelte-check/2.7.1",
    "requester": "/home/mose/sites/labs",
    "status": "resolved"
  },
  "34 debug pnpm:progress": {
    "packageId": "registry.npmjs.org/svelte-check/2.7.1",
    "requester": "/home/mose/sites/labs",
    "status": "found_in_store"
  },
  "35 debug pnpm:_dependency_resolved": {
    "resolution": "registry.npmjs.org/svelte-preprocess/4.10.6",
    "wanted": {
      "dependentId": ".",
      "name": "svelte-preprocess",
      "rawSpec": "^4.10.1"
    }
  },
  "36 debug pnpm:progress": {
    "packageId": "registry.npmjs.org/svelte-preprocess/4.10.6",
    "requester": "/home/mose/sites/labs",
    "status": "resolved"
  },
  "37 debug pnpm:progress": {
    "packageId": "registry.npmjs.org/svelte-preprocess/4.10.6",
    "requester": "/home/mose/sites/labs",
    "status": "found_in_store"
  },
  "38 debug pnpm:_dependency_resolved": {
    "resolution": "registry.npmjs.org/svelte/3.48.0",
    "wanted": {
      "dependentId": ".",
      "name": "svelte",
      "rawSpec": "^3.44.0"
    }
  },
  "39 debug pnpm:progress": {
    "packageId": "registry.npmjs.org/svelte/3.48.0",
    "requester": "/home/mose/sites/labs",
    "status": "resolved"
  },
  "40 debug pnpm:progress": {
    "packageId": "registry.npmjs.org/svelte/3.48.0",
    "requester": "/home/mose/sites/labs",
    "status": "found_in_store"
  },
  "41 debug pnpm:_dependency_resolved": {
    "resolution": "registry.npmjs.org/typescript/4.6.4",
    "wanted": {
      "dependentId": ".",
      "name": "typescript",
      "rawSpec": "~4.6.2"
    }
  },
  "42 debug pnpm:progress": {
    "packageId": "registry.npmjs.org/typescript/4.6.4",
    "requester": "/home/mose/sites/labs",
    "status": "resolved"
  },
  "43 debug pnpm:progress": {
    "packageId": "registry.npmjs.org/typescript/4.6.4",
    "requester": "/home/mose/sites/labs",
    "status": "found_in_store"
  },
  "44 debug pnpm:_dependency_resolved": {
    "resolution": "registry.npmjs.org/@sveltejs/adapter-auto/1.0.0-next.43",
    "wanted": {
      "dependentId": ".",
      "name": "@sveltejs/adapter-auto",
      "rawSpec": "next"
    }
  },
  "45 debug pnpm:progress": {
    "packageId": "registry.npmjs.org/@sveltejs/adapter-auto/1.0.0-next.43",
    "requester": "/home/mose/sites/labs",
    "status": "resolved"
  },
  "46 warn pnpm:install-check": {
    "message": "Unsupported engine for registry.npmjs.org/@sveltejs/kit/1.0.0-next.334: wanted: {\"node\":\">=16\"} (current: {\"node\":\"v14.18.1\",\"pnpm\":\"6.32.4\"})",
    "prefix": "/home/mose/sites/labs"
  },
  "47 error pnpm": {
    "code": "ERR_PNPM_UNSUPPORTED_ENGINE",
    "packageId": "registry.npmjs.org/@sveltejs/kit/1.0.0-next.334",
    "wanted": {
      "node": ">=16"
    },
    "current": {
      "node": "v14.18.1",
      "pnpm": "6.32.4"
    },
    "pkgsStack": [],
    "err": {
      "name": "pnpm",
      "message": "Unsupported engine for registry.npmjs.org/@sveltejs/kit/1.0.0-next.334: wanted: {\"node\":\">=16\"} (current: {\"node\":\"v14.18.1\",\"pnpm\":\"6.32.4\"})",
      "code": "ERR_PNPM_UNSUPPORTED_ENGINE",
      "stack": "pnpm: Unsupported engine for registry.npmjs.org/@sveltejs/kit/1.0.0-next.334: wanted: {\"node\":\">=16\"} (current: {\"node\":\"v14.18.1\",\"pnpm\":\"6.32.4\"})\n    at checkEngine (/home/mose/.nvm/versions/node/v14.18.1/lib/node_modules/pnpm/dist/pnpm.cjs:41290:16)\n    at checkPackage (/home/mose/.nvm/versions/node/v14.18.1/lib/node_modules/pnpm/dist/pnpm.cjs:43386:104)\n    at packageIsInstallable (/home/mose/.nvm/versions/node/v14.18.1/lib/node_modules/pnpm/dist/pnpm.cjs:43356:20)\n    at resolveAndFetch (/home/mose/.nvm/versions/node/v14.18.1/lib/node_modules/pnpm/dist/pnpm.cjs:74519:117)\n    at runMicrotasks (<anonymous>)\n    at processTicksAndRejections (internal/process/task_queues.js:95:5)\n    at async resolveDependency (/home/mose/.nvm/versions/node/v14.18.1/lib/node_modules/pnpm/dist/pnpm.cjs:116038:23)\n    at async resolveDependenciesOfDependency (/home/mose/.nvm/versions/node/v14.18.1/lib/node_modules/pnpm/dist/pnpm.cjs:115873:39)\n    at async Promise.all (index 1)\n    at async resolveDependencies (/home/mose/.nvm/versions/node/v14.18.1/lib/node_modules/pnpm/dist/pnpm.cjs:115840:29)"
    }
  }
}